[11/Feb/2019 21:47:32] "GET / HTTP/1.1" 200 13
[11/Feb/2019 21:47:33] "GET / HTTP/1.1" 200 13
[11/Feb/2019 21:47:34] "GET / HTTP/1.1" 200 13
Performing system checks...

System check identified no issues (0 silenced).
February 11, 2019 - 21:43:51
Django version 2.1.6, using settings 'icists19.settings'
Starting development server at http://127.0.0.1:8000/
Quit the server with CONTROL-C.
[11/Feb/2019 21:51:36] "GET / HTTP/1.1" 200 13
[11/Feb/2019 21:51:36] "GET / HTTP/1.1" 200 13
Performing system checks...

System check identified no issues (0 silenced).
February 11, 2019 - 21:51:06
Django version 2.1.6, using settings 'icists19.settings'
Starting development server at http://127.0.0.1:8000/
Quit the server with CONTROL-C.
Performing system checks...

System check identified no issues (0 silenced).
February 11, 2019 - 21:52:08
Django version 2.1.6, using settings 'icists19.settings'
Starting development server at http://127.0.0.1:8000/
Quit the server with CONTROL-C.
Performing system checks...

System check identified no issues (0 silenced).
February 11, 2019 - 21:52:19
Django version 2.1.6, using settings 'icists19.settings'
Starting development server at http://127.0.0.1:8000/
Quit the server with CONTROL-C.
Unhandled exception in thread started by <function check_errors.<locals>.wrapper at 0x7f067a803730>
Traceback (most recent call last):
  File "/home/tech/anaconda3/lib/python3.7/site-packages/django/utils/autoreload.py", line 225, in wrapper
    fn(*args, **kwargs)
  File "/home/tech/anaconda3/lib/python3.7/site-packages/django/core/management/commands/runserver.py", line 117, in inner_run
    self.check(display_num_errors=True)
  File "/home/tech/anaconda3/lib/python3.7/site-packages/django/core/management/base.py", line 379, in check
    include_deployment_checks=include_deployment_checks,
  File "/home/tech/anaconda3/lib/python3.7/site-packages/django/core/management/base.py", line 366, in _run_checks
    return checks.run_checks(**kwargs)
  File "/home/tech/anaconda3/lib/python3.7/site-packages/django/core/checks/registry.py", line 71, in run_checks
    new_errors = check(app_configs=app_configs)
  File "/home/tech/anaconda3/lib/python3.7/site-packages/django/core/checks/urls.py", line 40, in check_url_namespaces_unique
    all_namespaces = _load_all_namespaces(resolver)
  File "/home/tech/anaconda3/lib/python3.7/site-packages/django/core/checks/urls.py", line 57, in _load_all_namespaces
    url_patterns = getattr(resolver, 'url_patterns', [])
  File "/home/tech/anaconda3/lib/python3.7/site-packages/django/utils/functional.py", line 37, in __get__
    res = instance.__dict__[self.name] = self.func(instance)
  File "/home/tech/anaconda3/lib/python3.7/site-packages/django/urls/resolvers.py", line 533, in url_patterns
    patterns = getattr(self.urlconf_module, "urlpatterns", self.urlconf_module)
  File "/home/tech/anaconda3/lib/python3.7/site-packages/django/utils/functional.py", line 37, in __get__
    res = instance.__dict__[self.name] = self.func(instance)
  File "/home/tech/anaconda3/lib/python3.7/site-packages/django/urls/resolvers.py", line 526, in urlconf_module
    return import_module(self.urlconf_name)
  File "/home/tech/anaconda3/lib/python3.7/importlib/__init__.py", line 127, in import_module
    return _bootstrap._gcd_import(name[level:], package, level)
  File "<frozen importlib._bootstrap>", line 1006, in _gcd_import
  File "<frozen importlib._bootstrap>", line 983, in _find_and_load
  File "<frozen importlib._bootstrap>", line 967, in _find_and_load_unlocked
  File "<frozen importlib._bootstrap>", line 677, in _load_unlocked
  File "<frozen importlib._bootstrap_external>", line 728, in exec_module
  File "<frozen importlib._bootstrap>", line 219, in _call_with_frames_removed
  File "/home/tech/ICISTS19/icists19/icists19/urls.py", line 28, in <module>
    path('polls/', include('polls.urls'))
  File "/home/tech/anaconda3/lib/python3.7/site-packages/django/urls/conf.py", line 34, in include
    urlconf_module = import_module(urlconf_module)
  File "/home/tech/anaconda3/lib/python3.7/importlib/__init__.py", line 127, in import_module
    return _bootstrap._gcd_import(name[level:], package, level)
  File "<frozen importlib._bootstrap>", line 1006, in _gcd_import
  File "<frozen importlib._bootstrap>", line 983, in _find_and_load
  File "<frozen importlib._bootstrap>", line 967, in _find_and_load_unlocked
  File "<frozen importlib._bootstrap>", line 677, in _load_unlocked
  File "<frozen importlib._bootstrap_external>", line 724, in exec_module
  File "<frozen importlib._bootstrap_external>", line 860, in get_code
  File "<frozen importlib._bootstrap_external>", line 791, in source_to_code
  File "<frozen importlib._bootstrap>", line 219, in _call_with_frames_removed
  File "/home/tech/ICISTS19/icists19/polls/urls.py", line 7
    path('<int:question_id>/', views.detail, name='detail'),
       ^
SyntaxError: invalid syntax
Performing system checks...

Unhandled exception in thread started by <function check_errors.<locals>.wrapper at 0x7f5133a25730>
Traceback (most recent call last):
  File "/home/tech/anaconda3/lib/python3.7/site-packages/django/utils/autoreload.py", line 225, in wrapper
    fn(*args, **kwargs)
  File "/home/tech/anaconda3/lib/python3.7/site-packages/django/core/management/commands/runserver.py", line 117, in inner_run
    self.check(display_num_errors=True)
  File "/home/tech/anaconda3/lib/python3.7/site-packages/django/core/management/base.py", line 379, in check
    include_deployment_checks=include_deployment_checks,
  File "/home/tech/anaconda3/lib/python3.7/site-packages/django/core/management/base.py", line 366, in _run_checks
    return checks.run_checks(**kwargs)
  File "/home/tech/anaconda3/lib/python3.7/site-packages/django/core/checks/registry.py", line 71, in run_checks
    new_errors = check(app_configs=app_configs)
  File "/home/tech/anaconda3/lib/python3.7/site-packages/django/core/checks/urls.py", line 40, in check_url_namespaces_unique
    all_namespaces = _load_all_namespaces(resolver)
  File "/home/tech/anaconda3/lib/python3.7/site-packages/django/core/checks/urls.py", line 57, in _load_all_namespaces
    url_patterns = getattr(resolver, 'url_patterns', [])
  File "/home/tech/anaconda3/lib/python3.7/site-packages/django/utils/functional.py", line 37, in __get__
    res = instance.__dict__[self.name] = self.func(instance)
  File "/home/tech/anaconda3/lib/python3.7/site-packages/django/urls/resolvers.py", line 533, in url_patterns
    patterns = getattr(self.urlconf_module, "urlpatterns", self.urlconf_module)
  File "/home/tech/anaconda3/lib/python3.7/site-packages/django/utils/functional.py", line 37, in __get__
    res = instance.__dict__[self.name] = self.func(instance)
  File "/home/tech/anaconda3/lib/python3.7/site-packages/django/urls/resolvers.py", line 526, in urlconf_module
    return import_module(self.urlconf_name)
  File "/home/tech/anaconda3/lib/python3.7/importlib/__init__.py", line 127, in import_module
    return _bootstrap._gcd_import(name[level:], package, level)
  File "<frozen importlib._bootstrap>", line 1006, in _gcd_import
  File "<frozen importlib._bootstrap>", line 983, in _find_and_load
  File "<frozen importlib._bootstrap>", line 967, in _find_and_load_unlocked
  File "<frozen importlib._bootstrap>", line 677, in _load_unlocked
  File "<frozen importlib._bootstrap_external>", line 728, in exec_module
  File "<frozen importlib._bootstrap>", line 219, in _call_with_frames_removed
  File "/home/tech/ICISTS19/icists19/icists19/urls.py", line 28, in <module>
    path('polls/', include('polls.urls'))
  File "/home/tech/anaconda3/lib/python3.7/site-packages/django/urls/conf.py", line 34, in include
    urlconf_module = import_module(urlconf_module)
  File "/home/tech/anaconda3/lib/python3.7/importlib/__init__.py", line 127, in import_module
    return _bootstrap._gcd_import(name[level:], package, level)
  File "<frozen importlib._bootstrap>", line 1006, in _gcd_import
  File "<frozen importlib._bootstrap>", line 983, in _find_and_load
  File "<frozen importlib._bootstrap>", line 967, in _find_and_load_unlocked
  File "<frozen importlib._bootstrap>", line 677, in _load_unlocked
  File "<frozen importlib._bootstrap_external>", line 724, in exec_module
  File "<frozen importlib._bootstrap_external>", line 860, in get_code
  File "<frozen importlib._bootstrap_external>", line 791, in source_to_code
  File "<frozen importlib._bootstrap>", line 219, in _call_with_frames_removed
  File "/home/tech/ICISTS19/icists19/polls/urls.py", line 7
    path('<int:question_id>/', views.detail, name='detail'),
       ^
SyntaxError: invalid syntax
Performing system checks...

Unhandled exception in thread started by <function check_errors.<locals>.wrapper at 0x7fe43f00d730>
Traceback (most recent call last):
  File "/home/tech/anaconda3/lib/python3.7/site-packages/django/utils/autoreload.py", line 225, in wrapper
    fn(*args, **kwargs)
  File "/home/tech/anaconda3/lib/python3.7/site-packages/django/core/management/commands/runserver.py", line 117, in inner_run
    self.check(display_num_errors=True)
  File "/home/tech/anaconda3/lib/python3.7/site-packages/django/core/management/base.py", line 379, in check
    include_deployment_checks=include_deployment_checks,
  File "/home/tech/anaconda3/lib/python3.7/site-packages/django/core/management/base.py", line 366, in _run_checks
    return checks.run_checks(**kwargs)
  File "/home/tech/anaconda3/lib/python3.7/site-packages/django/core/checks/registry.py", line 71, in run_checks
    new_errors = check(app_configs=app_configs)
  File "/home/tech/anaconda3/lib/python3.7/site-packages/django/core/checks/urls.py", line 40, in check_url_namespaces_unique
    all_namespaces = _load_all_namespaces(resolver)
  File "/home/tech/anaconda3/lib/python3.7/site-packages/django/core/checks/urls.py", line 57, in _load_all_namespaces
    url_patterns = getattr(resolver, 'url_patterns', [])
  File "/home/tech/anaconda3/lib/python3.7/site-packages/django/utils/functional.py", line 37, in __get__
    res = instance.__dict__[self.name] = self.func(instance)
  File "/home/tech/anaconda3/lib/python3.7/site-packages/django/urls/resolvers.py", line 533, in url_patterns
    patterns = getattr(self.urlconf_module, "urlpatterns", self.urlconf_module)
  File "/home/tech/anaconda3/lib/python3.7/site-packages/django/utils/functional.py", line 37, in __get__
    res = instance.__dict__[self.name] = self.func(instance)
  File "/home/tech/anaconda3/lib/python3.7/site-packages/django/urls/resolvers.py", line 526, in urlconf_module
    return import_module(self.urlconf_name)
  File "/home/tech/anaconda3/lib/python3.7/importlib/__init__.py", line 127, in import_module
    return _bootstrap._gcd_import(name[level:], package, level)
  File "<frozen importlib._bootstrap>", line 1006, in _gcd_import
  File "<frozen importlib._bootstrap>", line 983, in _find_and_load
  File "<frozen importlib._bootstrap>", line 967, in _find_and_load_unlocked
  File "<frozen importlib._bootstrap>", line 677, in _load_unlocked
  File "<frozen importlib._bootstrap_external>", line 728, in exec_module
  File "<frozen importlib._bootstrap>", line 219, in _call_with_frames_removed
  File "/home/tech/ICISTS19/icists19/icists19/urls.py", line 28, in <module>
    path('polls/', include('polls.urls'))
  File "/home/tech/anaconda3/lib/python3.7/site-packages/django/urls/conf.py", line 34, in include
    urlconf_module = import_module(urlconf_module)
  File "/home/tech/anaconda3/lib/python3.7/importlib/__init__.py", line 127, in import_module
    return _bootstrap._gcd_import(name[level:], package, level)
  File "<frozen importlib._bootstrap>", line 1006, in _gcd_import
  File "<frozen importlib._bootstrap>", line 983, in _find_and_load
  File "<frozen importlib._bootstrap>", line 967, in _find_and_load_unlocked
  File "<frozen importlib._bootstrap>", line 677, in _load_unlocked
  File "<frozen importlib._bootstrap_external>", line 724, in exec_module
  File "<frozen importlib._bootstrap_external>", line 860, in get_code
  File "<frozen importlib._bootstrap_external>", line 791, in source_to_code
  File "<frozen importlib._bootstrap>", line 219, in _call_with_frames_removed
  File "/home/tech/ICISTS19/icists19/polls/urls.py", line 7
    path('<int:question_id>/', views.detail, name='detail'),
       ^
SyntaxError: invalid syntax
Performing system checks...

[11/Feb/2019 21:56:26] "GET /polls HTTP/1.1" 301 0
[11/Feb/2019 21:56:26] "GET /polls/ HTTP/1.1" 200 26
[11/Feb/2019 21:56:28] "GET /polls/1 HTTP/1.1" 301 0
[11/Feb/2019 21:56:28] "GET /polls/1/ HTTP/1.1" 200 44
[11/Feb/2019 21:56:32] "GET /polls/1/results HTTP/1.1" 301 0
Internal Server Error: /polls/1/results/
Traceback (most recent call last):
  File "/home/tech/anaconda3/lib/python3.7/site-packages/django/core/handlers/exception.py", line 34, in inner
    response = get_response(request)
  File "/home/tech/anaconda3/lib/python3.7/site-packages/django/core/handlers/base.py", line 126, in _get_response
    response = self.process_exception_by_middleware(e, request)
  File "/home/tech/anaconda3/lib/python3.7/site-packages/django/core/handlers/base.py", line 124, in _get_response
    response = wrapped_callback(request, *callback_args, **callback_kwargs)
TypeError: results() got an unexpected keyword argument 'qeustion_id'
[11/Feb/2019 21:56:32] "GET /polls/1/results/ HTTP/1.1" 500 65243
Performing system checks...

System check identified no issues (0 silenced).
February 11, 2019 - 21:56:24
Django version 2.1.6, using settings 'icists19.settings'
Starting development server at http://127.0.0.1:8000/
Quit the server with CONTROL-C.
[11/Feb/2019 21:56:47] "GET /polls/1/results/ HTTP/1.1" 200 44
[11/Feb/2019 21:57:07] "GET /polls/1/vote HTTP/1.1" 301 0
[11/Feb/2019 21:57:07] "GET /polls/1/vote/ HTTP/1.1" 200 28
Performing system checks...

System check identified no issues (0 silenced).
February 11, 2019 - 21:56:46
Django version 2.1.6, using settings 'icists19.settings'
Starting development server at http://127.0.0.1:8000/
Quit the server with CONTROL-C.
Performing system checks...

System check identified no issues (0 silenced).
February 11, 2019 - 21:57:31
Django version 2.1.6, using settings 'icists19.settings'
Starting development server at http://127.0.0.1:8000/
Quit the server with CONTROL-C.
Performing system checks...

System check identified no issues (0 silenced).
February 11, 2019 - 22:00:27
Django version 2.1.6, using settings 'icists19.settings'
Starting development server at http://127.0.0.1:8000/
Quit the server with CONTROL-C.
Performing system checks...

System check identified no issues (0 silenced).
February 11, 2019 - 22:00:30
Django version 2.1.6, using settings 'icists19.settings'
Starting development server at http://127.0.0.1:8000/
Quit the server with CONTROL-C.
Performing system checks...

System check identified no issues (0 silenced).
February 11, 2019 - 22:00:34
Django version 2.1.6, using settings 'icists19.settings'
Starting development server at http://127.0.0.1:8000/
Quit the server with CONTROL-C.
Performing system checks...

System check identified no issues (0 silenced).
February 11, 2019 - 22:02:21
Django version 2.1.6, using settings 'icists19.settings'
Starting development server at http://127.0.0.1:8000/
Quit the server with CONTROL-C.
[11/Feb/2019 22:03:52] "GET /polls/1/results/ HTTP/1.1" 200 44
Performing system checks...

System check identified no issues (0 silenced).
February 11, 2019 - 22:03:51
Django version 2.1.6, using settings 'icists19.settings'
Starting development server at http://127.0.0.1:8000/
Quit the server with CONTROL-C.
Performing system checks...

System check identified no issues (0 silenced).
February 11, 2019 - 22:03:55
Django version 2.1.6, using settings 'icists19.settings'
Starting development server at http://127.0.0.1:8000/
Quit the server with CONTROL-C.
[11/Feb/2019 22:04:10] "GET /polls/ HTTP/1.1" 200 18
Performing system checks...

System check identified no issues (0 silenced).
February 11, 2019 - 22:04:05
Django version 2.1.6, using settings 'icists19.settings'
Starting development server at http://127.0.0.1:8000/
Quit the server with CONTROL-C.
Performing system checks...

System check identified no issues (0 silenced).
February 11, 2019 - 22:04:22
Django version 2.1.6, using settings 'icists19.settings'
Starting development server at http://127.0.0.1:8000/
Quit the server with CONTROL-C.
[11/Feb/2019 22:04:38] "GET /polls/ HTTP/1.1" 200 18
[11/Feb/2019 22:04:39] "GET /polls/ HTTP/1.1" 200 18
[11/Feb/2019 22:04:40] "GET /polls/ HTTP/1.1" 200 18
[11/Feb/2019 22:04:41] "GET /polls/ HTTP/1.1" 200 18
[11/Feb/2019 22:04:41] "GET /polls/ HTTP/1.1" 200 18
Performing system checks...

System check identified no issues (0 silenced).
February 11, 2019 - 22:04:37
Django version 2.1.6, using settings 'icists19.settings'
Starting development server at http://127.0.0.1:8000/
Quit the server with CONTROL-C.
[11/Feb/2019 22:04:56] "GET /polls/ HTTP/1.1" 200 19
[11/Feb/2019 22:04:57] "GET /polls/ HTTP/1.1" 200 19
Performing system checks...

System check identified no issues (0 silenced).
February 11, 2019 - 22:04:56
Django version 2.1.6, using settings 'icists19.settings'
Starting development server at http://127.0.0.1:8000/
Quit the server with CONTROL-C.
[11/Feb/2019 22:05:00] "GET /polls/ HTTP/1.1" 200 19
Performing system checks...

System check identified no issues (0 silenced).
February 11, 2019 - 22:05:00
Django version 2.1.6, using settings 'icists19.settings'
Starting development server at http://127.0.0.1:8000/
Quit the server with CONTROL-C.
[11/Feb/2019 22:05:04] "GET /polls/ HTTP/1.1" 200 18
Performing system checks...

System check identified no issues (0 silenced).
February 11, 2019 - 22:05:03
Django version 2.1.6, using settings 'icists19.settings'
Starting development server at http://127.0.0.1:8000/
Quit the server with CONTROL-C.
[11/Feb/2019 22:05:09] "GET /polls/ HTTP/1.1" 200 21
Performing system checks...

System check identified no issues (0 silenced).
February 11, 2019 - 22:05:09
Django version 2.1.6, using settings 'icists19.settings'
Starting development server at http://127.0.0.1:8000/
Quit the server with CONTROL-C.
Performing system checks...

System check identified no issues (0 silenced).
February 12, 2019 - 12:14:21
Django version 2.1.7, using settings 'icists19.settings'
Starting development server at http://0:8080/
Quit the server with CONTROL-C.
[12/Feb/2019 12:15:17] "GET / HTTP/1.1" 200 13
[12/Feb/2019 12:15:22] "GET / HTTP/1.1" 200 13
[12/Feb/2019 12:15:23] "GET /admin HTTP/1.1" 301 0
[12/Feb/2019 12:15:23] "GET /admin/ HTTP/1.1" 302 0
[12/Feb/2019 12:15:23] "GET /admin/login/?next=/admin/ HTTP/1.1" 200 1803
[12/Feb/2019 12:15:23] "GET /static/admin/css/base.css HTTP/1.1" 200 16225
[12/Feb/2019 12:15:23] "GET /static/admin/css/login.css HTTP/1.1" 200 1203
[12/Feb/2019 12:15:23] "GET /static/admin/css/responsive.css HTTP/1.1" 200 17976
[12/Feb/2019 12:15:23] "GET /static/admin/css/fonts.css HTTP/1.1" 200 423
[12/Feb/2019 12:15:23] "GET /static/admin/fonts/Roboto-Regular-webfont.woff HTTP/1.1" 200 80304
[12/Feb/2019 12:15:23] "GET /static/admin/fonts/Roboto-Light-webfont.woff HTTP/1.1" 200 81348
Not Found: /favicon.ico
[12/Feb/2019 12:15:24] "GET /favicon.ico HTTP/1.1" 404 2290
[12/Feb/2019 12:15:39] "GET / HTTP/1.1" 200 13
[12/Feb/2019 12:17:13] "GET / HTTP/1.1" 200 13
Not Found: /favicon.ico
[12/Feb/2019 12:17:13] "GET /favicon.ico HTTP/1.1" 404 2290
[12/Feb/2019 12:17:18] "GET /admin HTTP/1.1" 301 0
[12/Feb/2019 12:17:18] "GET /admin/ HTTP/1.1" 302 0
[12/Feb/2019 12:17:18] "GET /admin/login/?next=/admin/ HTTP/1.1" 200 1803
[12/Feb/2019 12:17:18] "GET /static/admin/css/login.css HTTP/1.1" 200 1203
[12/Feb/2019 12:17:18] "GET /static/admin/css/base.css HTTP/1.1" 200 16225
[12/Feb/2019 12:17:18] "GET /static/admin/css/responsive.css HTTP/1.1" 200 17976
[12/Feb/2019 12:17:18] "GET /static/admin/css/fonts.css HTTP/1.1" 200 423
[12/Feb/2019 12:17:18] "GET /static/admin/fonts/Roboto-Regular-webfont.woff HTTP/1.1" 200 80304
[12/Feb/2019 12:17:18] "GET /static/admin/fonts/Roboto-Light-webfont.woff HTTP/1.1" 200 81348
[12/Feb/2019 12:17:27] "POST /admin/login/?next=/admin/ HTTP/1.1" 200 1965
[12/Feb/2019 12:17:27] "GET /static/admin/fonts/Roboto-Bold-webfont.woff HTTP/1.1" 200 82564
[12/Feb/2019 12:18:47] "POST /admin/login/?next=/admin/ HTTP/1.1" 302 0
[12/Feb/2019 12:18:47] "GET /admin/ HTTP/1.1" 200 5090
[12/Feb/2019 12:18:47] "GET /static/admin/css/responsive.css HTTP/1.1" 304 0
[12/Feb/2019 12:18:47] "GET /static/admin/css/base.css HTTP/1.1" 304 0
[12/Feb/2019 12:18:47] "GET /static/admin/css/dashboard.css HTTP/1.1" 200 412
[12/Feb/2019 12:18:47] "GET /static/admin/css/fonts.css HTTP/1.1" 304 0
[12/Feb/2019 12:18:47] "GET /static/admin/img/icon-addlink.svg HTTP/1.1" 200 331
[12/Feb/2019 12:18:47] "GET /static/admin/img/icon-changelink.svg HTTP/1.1" 200 380
[12/Feb/2019 12:18:47] "GET /static/admin/fonts/Roboto-Light-webfont.woff HTTP/1.1" 304 0
[12/Feb/2019 12:18:47] "GET /static/admin/fonts/Roboto-Bold-webfont.woff HTTP/1.1" 304 0
[12/Feb/2019 12:18:47] "GET /static/admin/fonts/Roboto-Regular-webfont.woff HTTP/1.1" 304 0
[12/Feb/2019 12:18:53] "GET /admin/polls/question/ HTTP/1.1" 200 4560
[12/Feb/2019 12:18:53] "GET /static/admin/js/jquery.init.js HTTP/1.1" 200 363
[12/Feb/2019 12:18:53] "GET /static/admin/js/core.js HTTP/1.1" 200 7135
[12/Feb/2019 12:18:53] "GET /static/admin/css/changelists.css HTTP/1.1" 200 6170
[12/Feb/2019 12:18:53] "GET /admin/jsi18n/ HTTP/1.1" 200 3185
[12/Feb/2019 12:18:53] "GET /static/admin/js/admin/RelatedObjectLookups.js HTTP/1.1" 200 6918
[12/Feb/2019 12:18:53] "GET /static/admin/js/actions.js HTTP/1.1" 200 6538
[12/Feb/2019 12:18:53] "GET /static/admin/js/urlify.js HTTP/1.1" 200 8972
[12/Feb/2019 12:18:53] "GET /static/admin/js/prepopulate.js HTTP/1.1" 200 1530
[12/Feb/2019 12:18:53] "GET /static/admin/js/vendor/xregexp/xregexp.js HTTP/1.1" 200 128820
[12/Feb/2019 12:18:53] "GET /static/admin/js/vendor/jquery/jquery.js HTTP/1.1" 200 271751
[12/Feb/2019 12:18:53] "GET /static/admin/img/tooltag-add.svg HTTP/1.1" 200 331
[12/Feb/2019 12:18:54] "GET /admin/ HTTP/1.1" 200 5090
[12/Feb/2019 12:18:54] "GET /admin/participant_manager/participant/ HTTP/1.1" 200 3242
[12/Feb/2019 12:18:54] "GET /admin/jsi18n/ HTTP/1.1" 200 3185
[12/Feb/2019 12:18:55] "GET /admin/ HTTP/1.1" 200 5090
[12/Feb/2019 12:18:56] "GET /admin/auth/user/ HTTP/1.1" 200 6598
[12/Feb/2019 12:18:56] "GET /admin/jsi18n/ HTTP/1.1" 200 3185
[12/Feb/2019 12:18:56] "GET /static/admin/img/icon-yes.svg HTTP/1.1" 200 436
[12/Feb/2019 12:18:56] "GET /static/admin/img/search.svg HTTP/1.1" 200 458
[12/Feb/2019 12:18:56] "GET /static/admin/img/sorting-icons.svg HTTP/1.1" 200 1097
[12/Feb/2019 12:18:57] "GET /admin/ HTTP/1.1" 200 5090
[12/Feb/2019 12:18:58] "GET /admin/auth/group/ HTTP/1.1" 200 3488
[12/Feb/2019 12:18:58] "GET /admin/jsi18n/ HTTP/1.1" 200 3185
[12/Feb/2019 12:18:58] "GET /admin/ HTTP/1.1" 200 5090
[12/Feb/2019 12:19:00] "GET /admin/auth/user/ HTTP/1.1" 200 6598
[12/Feb/2019 12:19:00] "GET /admin/jsi18n/ HTTP/1.1" 200 3185
[12/Feb/2019 12:19:04] "GET /admin/auth/user/?o=5.1 HTTP/1.1" 200 7151
[12/Feb/2019 12:19:04] "GET /admin/jsi18n/ HTTP/1.1" 200 3185
[12/Feb/2019 12:19:05] "GET /admin/auth/user/?o=-5.1 HTTP/1.1" 200 7169
[12/Feb/2019 12:19:05] "GET /admin/jsi18n/ HTTP/1.1" 200 3185
[12/Feb/2019 12:19:06] "GET /admin/auth/user/?o=-1.-5 HTTP/1.1" 200 7187
[12/Feb/2019 12:19:06] "GET /admin/jsi18n/ HTTP/1.1" 200 3185
[12/Feb/2019 12:19:08] "GET /admin/auth/user/?o=-5.1 HTTP/1.1" 200 7169
[12/Feb/2019 12:19:09] "GET /admin/auth/user/?o=5.1 HTTP/1.1" 200 7151
[12/Feb/2019 12:19:10] "GET /admin/auth/user/ HTTP/1.1" 200 6598
[12/Feb/2019 12:19:12] "GET /admin/ HTTP/1.1" 200 5090
[12/Feb/2019 12:20:27] "GET / HTTP/1.1" 200 13
Not Found: /favicon.ico
[12/Feb/2019 12:20:27] "GET /favicon.ico HTTP/1.1" 404 2290
[12/Feb/2019 12:25:14] "GET / HTTP/1.1" 200 13
[12/Feb/2019 12:36:36] "GET / HTTP/1.1" 200 13
[12/Feb/2019 12:41:48] "GET / HTTP/1.1" 200 13
[12/Feb/2019 12:42:03] "GET / HTTP/1.1" 200 13
[12/Feb/2019 12:42:03] "GET / HTTP/1.1" 200 13
[12/Feb/2019 12:42:13] "GET / HTTP/1.1" 200 13
[12/Feb/2019 12:42:16] "GET / HTTP/1.1" 200 13
[12/Feb/2019 12:42:16] "GET /admin/login/?next=/admin/ HTTP/1.1" 200 1803
[12/Feb/2019 12:42:16] "GET /static/admin/css/base.css HTTP/1.1" 304 0
[12/Feb/2019 12:42:16] "GET /static/admin/css/login.css HTTP/1.1" 304 0
[12/Feb/2019 12:42:16] "GET /static/admin/css/responsive.css HTTP/1.1" 304 0
[12/Feb/2019 12:42:16] "GET /static/admin/css/fonts.css HTTP/1.1" 304 0
[12/Feb/2019 12:42:17] "GET /static/admin/fonts/Roboto-Regular-webfont.woff HTTP/1.1" 304 0
[12/Feb/2019 12:42:17] "GET /static/admin/fonts/Roboto-Light-webfont.woff HTTP/1.1" 304 0
[12/Feb/2019 12:42:17] "GET /admin/ HTTP/1.1" 302 0
[12/Feb/2019 12:42:17] "GET /admin/login/?next=/admin/ HTTP/1.1" 200 1803
[12/Feb/2019 12:42:17] "GET /admin/ HTTP/1.1" 302 0
[12/Feb/2019 12:42:17] "GET /admin/login/?next=/admin/ HTTP/1.1" 200 1803
[12/Feb/2019 12:42:31] "GET / HTTP/1.1" 200 13
Not Found: /favicon.ico
[12/Feb/2019 12:42:31] "GET /favicon.ico HTTP/1.1" 404 2290
[12/Feb/2019 12:42:33] "GET / HTTP/1.1" 200 13
[12/Feb/2019 12:48:31] "GET / HTTP/1.1" 200 13
[12/Feb/2019 12:48:44] "GET / HTTP/1.1" 200 13
[12/Feb/2019 12:48:47] "GET /static/admin/css/fonts.css HTTP/1.1" 304 0
[12/Feb/2019 12:48:47] "GET /static/admin/css/responsive.css HTTP/1.1" 304 0
[12/Feb/2019 12:48:47] "GET /static/admin/css/login.css HTTP/1.1" 304 0
[12/Feb/2019 12:48:47] "GET /static/admin/fonts/Roboto-Light-webfont.woff HTTP/1.1" 304 0
[12/Feb/2019 12:48:47] "GET /static/admin/fonts/Roboto-Regular-webfont.woff HTTP/1.1" 304 0
[12/Feb/2019 12:48:47] "GET /admin/login/?next=/admin/ HTTP/1.1" 200 1803
[12/Feb/2019 12:48:47] "GET /static/admin/css/base.css HTTP/1.1" 304 0
[12/Feb/2019 12:48:48] "GET /admin/login/?next=/admin/ HTTP/1.1" 200 1803
[12/Feb/2019 12:48:48] "GET /admin/ HTTP/1.1" 302 0
[12/Feb/2019 12:48:48] "GET /admin/login/?next=/admin/ HTTP/1.1" 200 1803
[12/Feb/2019 12:48:48] "GET /admin/ HTTP/1.1" 302 0
[12/Feb/2019 12:48:48] "GET /admin/login/?next=/admin/ HTTP/1.1" 200 1803
[12/Feb/2019 12:48:56] "POST /admin/login/?next=/admin/ HTTP/1.1" 302 0
[12/Feb/2019 12:48:56] "GET /admin/ HTTP/1.1" 200 5090
[12/Feb/2019 12:48:56] "GET /static/admin/css/dashboard.css HTTP/1.1" 200 412
[12/Feb/2019 12:48:56] "GET /static/admin/img/icon-changelink.svg HTTP/1.1" 200 380
[12/Feb/2019 12:48:56] "GET /static/admin/img/icon-addlink.svg HTTP/1.1" 200 331
[12/Feb/2019 12:48:56] "GET /static/admin/fonts/Roboto-Bold-webfont.woff HTTP/1.1" 200 82564
Not Found: /favicon.ico
[12/Feb/2019 12:48:56] "GET /favicon.ico HTTP/1.1" 404 2290
[12/Feb/2019 12:58:41] "GET / HTTP/1.1" 200 13
[12/Feb/2019 13:09:33] "GET / HTTP/1.1" 200 13
[12/Feb/2019 13:21:10] "GET / HTTP/1.1" 200 13
[12/Feb/2019 13:21:12] "GET / HTTP/1.1" 200 13
[12/Feb/2019 13:21:12] "GET /static/admin/css/login.css HTTP/1.1" 304 0
[12/Feb/2019 13:21:12] "GET /static/admin/css/fonts.css HTTP/1.1" 304 0
[12/Feb/2019 13:21:12] "GET /static/admin/fonts/Roboto-Light-webfont.woff HTTP/1.1" 304 0
[12/Feb/2019 13:21:12] "GET /static/admin/css/base.css HTTP/1.1" 304 0
[12/Feb/2019 13:21:12] "GET /admin/ HTTP/1.1" 200 5090
[12/Feb/2019 13:21:12] "GET /static/admin/fonts/Roboto-Regular-webfont.woff HTTP/1.1" 304 0
[12/Feb/2019 13:21:12] "GET /static/admin/css/responsive.css HTTP/1.1" 304 0
[12/Feb/2019 13:21:12] "GET /static/admin/css/dashboard.css HTTP/1.1" 304 0
[12/Feb/2019 13:21:12] "GET /static/admin/css/base.css HTTP/1.1" 304 0
[12/Feb/2019 13:21:12] "GET /static/admin/img/icon-changelink.svg HTTP/1.1" 304 0
[12/Feb/2019 13:21:12] "GET /static/admin/img/icon-addlink.svg HTTP/1.1" 304 0
[12/Feb/2019 13:21:12] "GET /static/admin/fonts/Roboto-Bold-webfont.woff HTTP/1.1" 304 0
[12/Feb/2019 13:21:29] "GET /admin/ HTTP/1.1" 200 5090
[12/Feb/2019 13:21:35] "GET /admin/participant_manager/participant/ HTTP/1.1" 200 3242
[12/Feb/2019 13:21:35] "GET /static/admin/js/jquery.init.js HTTP/1.1" 200 363
[12/Feb/2019 13:21:35] "GET /static/admin/js/admin/RelatedObjectLookups.js HTTP/1.1" 200 6918
[12/Feb/2019 13:21:35] "GET /static/admin/css/changelists.css HTTP/1.1" 200 6170
[12/Feb/2019 13:21:35] "GET /static/admin/js/core.js HTTP/1.1" 200 7135
[12/Feb/2019 13:21:35] "GET /admin/jsi18n/ HTTP/1.1" 200 3185
[12/Feb/2019 13:21:35] "GET /static/admin/js/urlify.js HTTP/1.1" 200 8972
[12/Feb/2019 13:21:35] "GET /static/admin/js/prepopulate.js HTTP/1.1" 200 1530
[12/Feb/2019 13:21:35] "GET /static/admin/js/actions.js HTTP/1.1" 200 6538
[12/Feb/2019 13:21:35] "GET /static/admin/js/vendor/xregexp/xregexp.js HTTP/1.1" 200 128820
[12/Feb/2019 13:21:35] "GET /static/admin/js/vendor/jquery/jquery.js HTTP/1.1" 200 271751
[12/Feb/2019 13:21:35] "GET /static/admin/img/tooltag-add.svg HTTP/1.1" 200 331
Not Found: /favicon.ico
[12/Feb/2019 13:21:35] "GET /favicon.ico HTTP/1.1" 404 2290
[12/Feb/2019 13:21:37] "GET /admin/participant_manager/participant/add/ HTTP/1.1" 200 6206
[12/Feb/2019 13:21:37] "GET /static/admin/css/forms.css HTTP/1.1" 200 8505
[12/Feb/2019 13:21:37] "GET /static/admin/js/prepopulate_init.js HTTP/1.1" 200 495
[12/Feb/2019 13:21:37] "GET /static/admin/js/change_form.js HTTP/1.1" 200 712
[12/Feb/2019 13:21:37] "GET /admin/jsi18n/ HTTP/1.1" 200 3185
[12/Feb/2019 13:21:37] "GET /static/admin/css/widgets.css HTTP/1.1" 200 10340
Not Found: /favicon.ico
[12/Feb/2019 13:21:37] "GET /favicon.ico HTTP/1.1" 404 2290
[12/Feb/2019 13:23:32] "GET /admin/participant_manager/participant/add/ HTTP/1.1" 200 6206
[12/Feb/2019 13:23:32] "GET /admin/jsi18n/ HTTP/1.1" 200 3185
[12/Feb/2019 13:23:58] "POST /admin/participant_manager/participant/add/ HTTP/1.1" 302 0
[12/Feb/2019 13:23:58] "GET /admin/participant_manager/participant/ HTTP/1.1" 200 4666
[12/Feb/2019 13:23:58] "GET /admin/jsi18n/ HTTP/1.1" 200 3185
[12/Feb/2019 13:23:58] "GET /static/admin/img/icon-yes.svg HTTP/1.1" 200 436
[12/Feb/2019 13:47:34] "GET / HTTP/1.1" 200 13
[12/Feb/2019 14:00:09] "GET /admin/participant_manager/ HTTP/1.1" 200 2592
[12/Feb/2019 14:00:09] "GET /static/admin/css/base.css HTTP/1.1" 304 0
[12/Feb/2019 14:00:09] "GET /static/admin/css/dashboard.css HTTP/1.1" 304 0
[12/Feb/2019 14:00:09] "GET /static/admin/css/responsive.css HTTP/1.1" 304 0
[12/Feb/2019 14:00:09] "GET /static/admin/css/fonts.css HTTP/1.1" 304 0
[12/Feb/2019 14:00:09] "GET /static/admin/img/icon-addlink.svg HTTP/1.1" 304 0
[12/Feb/2019 14:00:09] "GET /static/admin/img/icon-changelink.svg HTTP/1.1" 304 0
[12/Feb/2019 14:00:09] "GET /static/admin/fonts/Roboto-Bold-webfont.woff HTTP/1.1" 304 0
[12/Feb/2019 14:00:09] "GET /static/admin/fonts/Roboto-Light-webfont.woff HTTP/1.1" 304 0
[12/Feb/2019 14:00:09] "GET /static/admin/fonts/Roboto-Regular-webfont.woff HTTP/1.1" 304 0
Not Found: /favicon.ico
[12/Feb/2019 14:00:09] "GET /favicon.ico HTTP/1.1" 404 2290
[12/Feb/2019 14:00:10] "GET /admin/ HTTP/1.1" 200 5413
[12/Feb/2019 14:14:25] "GET / HTTP/1.1" 200 13
[12/Feb/2019 14:30:23] "GET / HTTP/1.1" 200 13
[12/Feb/2019 14:40:12] "GET / HTTP/1.1" 200 13
Not Found: /favicon.ico
[12/Feb/2019 14:40:12] "GET /favicon.ico HTTP/1.1" 404 2290
[12/Feb/2019 14:40:18] "GET / HTTP/1.1" 200 13
Not Found: /favicon.ico
[12/Feb/2019 14:40:18] "GET /favicon.ico HTTP/1.1" 404 2290
Invalid HTTP_HOST header: '23.254.215.52:80'. You may need to add '23.254.215.52' to ALLOWED_HOSTS.
Bad Request: /tmUnblock.cgi
[12/Feb/2019 15:08:26] "POST /tmUnblock.cgi HTTP/1.1" 400 62919
[12/Feb/2019 15:30:08] "GET /static/admin/fonts/Roboto-Bold-webfont.woff HTTP/1.1" 304 0
[12/Feb/2019 15:30:08] "GET /static/admin/css/fonts.css HTTP/1.1" 304 0
[12/Feb/2019 15:30:08] "GET /static/admin/css/dashboard.css HTTP/1.1" 304 0
[12/Feb/2019 15:30:08] "GET /static/admin/fonts/Roboto-Light-webfont.woff HTTP/1.1" 304 0
[12/Feb/2019 15:30:08] "GET /static/admin/img/icon-addlink.svg HTTP/1.1" 304 0
[12/Feb/2019 15:30:08] "GET /static/admin/fonts/Roboto-Regular-webfont.woff HTTP/1.1" 304 0
[12/Feb/2019 15:30:08] "GET /admin/ HTTP/1.1" 200 5413
[12/Feb/2019 15:30:08] "GET /static/admin/css/base.css HTTP/1.1" 304 0
[12/Feb/2019 15:30:08] "GET /static/admin/css/dashboard.css HTTP/1.1" 304 0
[12/Feb/2019 15:30:08] "GET /static/admin/css/responsive.css HTTP/1.1" 304 0
[12/Feb/2019 15:30:08] "GET /static/admin/css/fonts.css HTTP/1.1" 304 0
[12/Feb/2019 15:30:08] "GET /static/admin/img/icon-changelink.svg HTTP/1.1" 304 0
[12/Feb/2019 15:30:08] "GET /static/admin/img/icon-addlink.svg HTTP/1.1" 304 0
[12/Feb/2019 15:30:08] "GET /static/admin/fonts/Roboto-Bold-webfont.woff HTTP/1.1" 304 0
[12/Feb/2019 15:30:08] "GET /static/admin/fonts/Roboto-Regular-webfont.woff HTTP/1.1" 304 0
[12/Feb/2019 15:30:08] "GET /static/admin/fonts/Roboto-Light-webfont.woff HTTP/1.1" 304 0
[12/Feb/2019 15:53:15] "GET / HTTP/1.1" 200 13
Invalid HTTP_HOST header: '195.37.190.87'. You may need to add '195.37.190.87' to ALLOWED_HOSTS.
Invalid HTTP_HOST header: '195.37.190.87'. You may need to add '195.37.190.87' to ALLOWED_HOSTS.
Invalid HTTP_HOST header: '195.37.190.87:22345'. You may need to add '195.37.190.87' to ALLOWED_HOSTS.
Bad Request: /http:/195.37.190.87:80/
[12/Feb/2019 17:25:39] "GET http://195.37.190.87:80/?ip=13.209.76.133&port=8080&protocol=HTTP&type=JUDGE:HTTP&name=http-8080-2019-02-12-1549942068&token=eyJpcCI6ICIxMy4yMDkuNzYuMTMzIiwgInBvcnQiOiAiODA4MCIsICJwcm90b2NvbCI6ICJIVFRQIiwgInR5cGUiOiAiSlVER0U6SFRUUCIsICJuYW1lIjogImh0dHAtODA4MC0yMDE5LTAyLTEyLTE1NDk5NDIwNjgifQ%3D%3D HTTP/1.1" 400 64878
Bad Request: /195.37.190.87:443
[12/Feb/2019 17:25:39] "CONNECT 195.37.190.87:443 HTTP/1.1" 400 61498
Bad Request: /http:/195.37.190.87:22345/
[12/Feb/2019 17:25:39] "GET http://195.37.190.87:22345/?ip=13.209.76.133&port=8080&protocol=HTTP&type=JUDGE:HTTP&name=http-8080-2019-02-12-1549942068&token=eyJpcCI6ICIxMy4yMDkuNzYuMTMzIiwgInBvcnQiOiAiODA4MCIsICJwcm90b2NvbCI6ICJIVFRQIiwgInR5cGUiOiAiSlVER0U6SFRUUCIsICJuYW1lIjogImh0dHAtODA4MC0yMDE5LTAyLTEyLTE1NDk5NDIwNjgifQ%3D%3D HTTP/1.1" 400 64970
Invalid HTTP_HOST header: 'ip-172-31-23-133.ap-northeast-2.compute.internal:8080'. You may need to add 'ip-172-31-23-133.ap-northeast-2.compute.internal' to ALLOWED_HOSTS.
Invalid HTTP_HOST header: 'ip-172-31-23-133.ap-northeast-2.compute.internal:8080'. You may need to add 'ip-172-31-23-133.ap-northeast-2.compute.internal' to ALLOWED_HOSTS.
Bad Request: /195.37.190.87:80
[12/Feb/2019 17:25:40] "CONNECT 195.37.190.87:80 HTTP/1.1" 400 61491
Bad Request: /195.37.190.87:22345
[12/Feb/2019 17:25:40] "CONNECT 195.37.190.87:22345 HTTP/1.1" 400 61524
[12/Feb/2019 18:24:00] "GET / HTTP/1.0" 200 13
Traceback (most recent call last):
  File "/home/ubuntu/.pyenv/versions/3.5.2/lib/python3.5/socketserver.py", line 625, in process_request_thread
    self.finish_request(request, client_address)
  File "/home/ubuntu/.pyenv/versions/3.5.2/lib/python3.5/socketserver.py", line 354, in finish_request
    self.RequestHandlerClass(request, client_address, self)
  File "/home/ubuntu/.pyenv/versions/3.5.2/lib/python3.5/socketserver.py", line 681, in __init__
    self.handle()
  File "/home/ubuntu/.pyenv/versions/icists-server/lib/python3.5/site-packages/django/core/servers/basehttp.py", line 171, in handle
    self.handle_one_request()
  File "/home/ubuntu/.pyenv/versions/icists-server/lib/python3.5/site-packages/django/core/servers/basehttp.py", line 179, in handle_one_request
    self.raw_requestline = self.rfile.readline(65537)
  File "/home/ubuntu/.pyenv/versions/3.5.2/lib/python3.5/socket.py", line 575, in readinto
    return self._sock.recv_into(b)
ConnectionResetError: [Errno 104] Connection reset by peer
[12/Feb/2019 18:48:18] "GET / HTTP/1.1" 200 13
[12/Feb/2019 20:08:53] "GET / HTTP/1.1" 200 13
[12/Feb/2019 20:18:39] "GET / HTTP/1.1" 200 13
[12/Feb/2019 20:18:40] "GET / HTTP/1.1" 200 13
